{"F:\\CNTT\\HK I\\PTIT\\Đảm bảo chất lượng phần mềm\\E-learning-Project\\client\\src\\auth\\ProtectedRoute.tsx": {"path":"F:\\CNTT\\HK I\\PTIT\\Đảm bảo chất lượng phần mềm\\E-learning-Project\\client\\src\\auth\\ProtectedRoute.tsx","statementMap":{"0":{"start":{"line":12,"column":48},"end":{"line":16,"column":null}},"1":{"start":{"line":23,"column":18},"end":{"line":23,"column":36}},"2":{"start":{"line":24,"column":8},"end":{"line":24,"column":32}},"3":{"start":{"line":26,"column":2},"end":{"line":27,"column":null}},"4":{"start":{"line":27,"column":4},"end":{"line":27,"column":null}},"5":{"start":{"line":30,"column":2},"end":{"line":31,"column":null}},"6":{"start":{"line":31,"column":4},"end":{"line":31,"column":null}},"7":{"start":{"line":34,"column":2},"end":{"line":35,"column":null}},"8":{"start":{"line":35,"column":4},"end":{"line":35,"column":null}},"9":{"start":{"line":38,"column":2},"end":{"line":38,"column":null}}},"fnMap":{"0":{"name":"ProtectedRoute","decl":{"start":{"line":18,"column":9},"end":{"line":18,"column":24}},"loc":{"start":{"line":22,"column":24},"end":{"line":38,"column":null}},"line":22}},"branchMap":{"0":{"loc":{"start":{"line":21,"column":2},"end":{"line":21,"column":null}},"type":"default-arg","locations":[{"start":{"line":21,"column":14},"end":{"line":21,"column":null}}],"line":21},"1":{"loc":{"start":{"line":26,"column":2},"end":{"line":27,"column":null}},"type":"if","locations":[{"start":{"line":26,"column":2},"end":{"line":27,"column":null}},{"start":{},"end":{}}],"line":26},"2":{"loc":{"start":{"line":30,"column":2},"end":{"line":31,"column":null}},"type":"if","locations":[{"start":{"line":30,"column":2},"end":{"line":31,"column":null}},{"start":{},"end":{}}],"line":30},"3":{"loc":{"start":{"line":34,"column":2},"end":{"line":35,"column":null}},"type":"if","locations":[{"start":{"line":34,"column":2},"end":{"line":35,"column":null}},{"start":{},"end":{}}],"line":34}},"s":{"0":1,"1":4,"2":4,"3":4,"4":1,"5":3,"6":1,"7":2,"8":1,"9":1},"f":{"0":4},"b":{"0":[4],"1":[1,3],"2":[1,2],"3":[1,1]},"meta":{"lastBranch":4,"lastFunction":1,"lastStatement":10,"seen":{"s:12:48:16:Infinity":0,"f:18:9:18:24":0,"b:21:14:21:Infinity":0,"s:23:18:23:36":1,"s:24:8:24:32":2,"b:26:2:27:Infinity:undefined:undefined:undefined:undefined":1,"s:26:2:27:Infinity":3,"s:27:4:27:Infinity":4,"b:30:2:31:Infinity:undefined:undefined:undefined:undefined":2,"s:30:2:31:Infinity":5,"s:31:4:31:Infinity":6,"b:34:2:35:Infinity:undefined:undefined:undefined:undefined":3,"s:34:2:35:Infinity":7,"s:35:4:35:Infinity":8,"s:38:2:38:Infinity":9},"fnNames":{}}}
}
